0 info it worked if it ends with ok
1 verbose cli [ 'c:\\Program Files (x86)\\nodejs\\node.exe',
1 verbose cli   'c:\\Program Files (x86)\\nodejs\\node_modules\\npm\\bin\\npm-cli.js',
1 verbose cli   'run',
1 verbose cli   'start' ]
2 info using npm@1.3.2
3 info using node@v0.10.13
4 error Error: ENOENT, open 'c:\xampp\htdocs\battlecodevis\assets\models\package.json'
5 error If you need help, you may report this log at:
5 error     <http://github.com/isaacs/npm/issues>
5 error or email it to:
5 error     <npm-@googlegroups.com>
6 error System Windows_NT 6.1.7600
7 error command "c:\\Program Files (x86)\\nodejs\\node.exe" "c:\\Program Files (x86)\\nodejs\\node_modules\\npm\\bin\\npm-cli.js" "run" "start"
8 error cwd c:\xampp\htdocs\battlecodevis\assets\models
9 error node -v v0.10.13
10 error npm -v 1.3.2
11 error path c:\xampp\htdocs\battlecodevis\assets\models\package.json
12 error code ENOENT
13 error errno 34
14 verbose exit [ 34, true ]
